{
  "timestamp": "2025-09-30 14:40:05",
  "daemon_reroute": "loop_daemon_injected",
  "android_intent_reroute": "no_termux_shell",
  "cloud_metadata_reroute": "ipify_scraped:66.176.126.119"
}
{
  "timestamp": "2025-09-30 14:45:26",
  "daemon_reroute": "loop_daemon_injected",
  "android_intent_reroute": "no_termux_shell",
  "cloud_metadata_reroute": "ipify_scraped:66.176.126.119"
}
{
  "timestamp": "2025-09-30 14:53:45",
  "daemon_reroute": "loop_daemon_injected",
  "termux_api_status": "termux-api-installed",
  "android_intent_reroute": "no_termux_shell",
  "cloud_metadata_reroute": "ipify_scraped:66.176.126.119"
}
{
  "timestamp": "2025-09-30 14:56:39",
  "daemon_reroute": "loop_daemon_injected",
  "termux_api_status": "termux-api-installed",
  "android_intent_reroute": "no_termux_shell",
  "cloud_metadata_reroute": "ipify_scraped:66.176.126.119"
}
{
  "timestamp": "2025-09-30 16:05:20",
  "daemon_reroute": "loop_daemon_injected",
  "termux_api_status": "termux-api-installed",
  "android_intent_reroute": "no_termux_shell",
  "cloud_metadata_reroute": "ipify_scraped:66.176.126.119"
}
{
  "timestamp": "2025-09-30 18:15:43",
  "daemon_reroute": "loop_daemon_injected",
  "termux_api_status": "termux-api-installed",
  "android_intent_reroute": "no_termux_shell",
  "cloud_metadata_reroute": "ipify_scraped:66.176.126.119"
}
{
  "timestamp": "2025-09-30 18:31:04",
  "daemon_reroute": "loop_daemon_injected",
  "termux_api_status": "termux-api-installed",
  "android_intent_reroute": "no_termux_shell",
  "cloud_metadata_reroute": "ipify_scraped:66.176.126.119"
}
