nohup: ignoring input
python: can't open file '/data/data/com.termux/files/home/empress72/empress72_autonomous_override_trigger.py': [Errno 2] No such file or directory
python: can't open file '/data/data/com.termux/files/home/empress72/empress72_bounty_loop_limb.py': [Errno 2] No such file or directory
python: can't open file '/data/data/com.termux/files/home/empress72/empress72_bounty_loop_limb.py': [Errno 2] No such file or directory
python: can't open file '/data/data/com.termux/files/home/empress72/empress72_bounty_loop_limb.py': [Errno 2] No such file or directory
[EMPRESS72] bounty_watcher.py fused and ready.
[EMPRESS72] log_encryptor.py fused and ready.
[EMPRESS72] mutation_loop.py fused and ready.
[EMPRESS72] cloud_sync.py fused and ready.
[EMPRESS72] empress_daemon.py fused and ready.
[EMPRESS72] limb_fuser.py fused and ready.
[EMPRESS72] terrain_scanner.py fused and ready.
[EMPRESS72] executor_registry.py fused and ready.
[EMPRESS72] earnings_logger.py fused and ready.
[EMPRESS72] empress_guardian.py fused and ready.
python: can't open file '/data/data/com.termux/files/home/empress72/empress72_bounty_loop_limb.py': [Errno 2] No such file or directory
[EMPRESS72] empress_daemon.py fused and ready.
[EMPRESS72] terrain_scanner.py fused and ready.
[EMPRESS72] cloud_sync.py fused and ready.
[EMPRESS72] limb_fuser.py fused and ready.
[EMPRESS72] log_encryptor.py fused and ready.
[EMPRESS72] bounty_watcher.py fused and ready.
[EMPRESS72] mutation_loop.py fused and ready.
[EMPRESS72] executor_registry.py fused and ready.
[EMPRESS72] earnings_logger.py fused and ready.
[EMPRESS72] empress_guardian.py fused and ready.
[EMPRESS72] empress_daemon.py fused and ready.
[EMPRESS72] terrain_scanner.py fused and ready.
[EMPRESS72] limb_fuser.py fused and ready.
[EMPRESS72] earnings_logger.py fused and ready.
[EMPRESS72] bounty_watcher.py fused and ready.
[EMPRESS72] cloud_sync.py fused and ready.
[EMPRESS72] mutation_loop.py fused and ready.
[EMPRESS72] log_encryptor.py fused and ready.
[EMPRESS72] empress_guardian.py fused and ready.
[EMPRESS72] executor_registry.py fused and ready.
[EMPRESS72] bounty_watcher.py fused and ready.
[EMPRESS72] cloud_sync.py fused and ready.
[EMPRESS72] earnings_logger.py fused and ready.
[EMPRESS72] mutation_loop.py fused and ready.
[EMPRESS72] empress_daemon.py fused and ready.
[EMPRESS72] terrain_scanner.py fused and ready.
[EMPRESS72] log_encryptor.py fused and ready.
[EMPRESS72] limb_fuser.py fused and ready.
[EMPRESS72] executor_registry.py fused and ready.
[EMPRESS72] empress_guardian.py fused and ready.
